<?xml version="1.0" encoding="UTF-8"?>
<testng-results skipped="0" failed="0" total="1" passed="1">
  <reporter-output>
  </reporter-output>
  <suite name="Default suite" duration-ms="1030" started-at="2013-10-14T18:36:55Z" finished-at="2013-10-14T18:36:56Z">
    <groups>
    </groups>
    <test name="Default test" duration-ms="1030" started-at="2013-10-14T18:36:55Z" finished-at="2013-10-14T18:36:56Z">
      <class name="com.frs.blockd.BlockdClientTest">
        <test-method status="PASS" signature="rockyTest()[pri:0, instance:com.frs.blockd.BlockdClientTest@4f5ad5c6]" name="rockyTest" duration-ms="1021" started-at="2013-10-14T11:36:55Z" finished-at="2013-10-14T11:36:56Z">
          <reporter-output>
          </reporter-output>
        </test-method> <!-- rockyTest -->
      </class> <!-- com.frs.blockd.BlockdClientTest -->
    </test> <!-- Default test -->
  </suite> <!-- Default suite -->
</testng-results>
